# JRE version: OpenJDK Runtime Environment (17.0.10) (build 17.0.10+0--11572160)
# Java VM: OpenJDK 64-Bit Server VM (17.0.10+0--11572160, mixed mode, tiered, compressed oops, compressed class ptrs, g1 gc, windows-amd64)
GC Precious Log:
 CPUs: 12 total, 12 available
 Memory: 24284M
 Large Page Support: Disabled
 NUMA Support: Disabled
 Compressed Oops: Enabled (32-bit)
 Heap Region Size: 1M
 Heap Min Capacity: 8M
 Heap Initial Capacity: 380M
 Heap Max Capacity: 2G
 Pre-touch: Disabled
 Parallel Workers: 10
 Concurrent Workers: 3
 Concurrent Refinement Workers: 10
 Periodic GC: Disabled
Heap:
 garbage-first heap   total 476160K, used 227754K [0x0000000080000000, 0x0000000100000000)
  region size 1024K, 3 young (3072K), 3 survivors (3072K)
 Metaspace       used 195213K, committed 196608K, reserved 1245184K
  class space    used 26859K, committed 27520K, reserved 1048576K
GC Heap History (20 events):
Event: 671.929 GC heap after
{Heap after GC invocations=68 (full 0):
 garbage-first heap   total 464896K, used 289357K [0x0000000080000000, 0x0000000100000000)
  region size 1024K, 3 young (3072K), 3 survivors (3072K)
 Metaspace       used 189866K, committed 191296K, reserved 1245184K
  class space    used 26408K, committed 27072K, reserved 1048576K
}
Event: 671.930 GC heap before
{Heap before GC invocations=68 (full 0):
 garbage-first heap   total 464896K, used 291405K [0x0000000080000000, 0x0000000100000000)
  region size 1024K, 4 young (4096K), 3 survivors (3072K)
 Metaspace       used 189866K, committed 191296K, reserved 1245184K
  class space    used 26408K, committed 27072K, reserved 1048576K
}
Event: 671.934 GC heap after
{Heap after GC invocations=69 (full 0):
 garbage-first heap   total 464896K, used 289197K [0x0000000080000000, 0x0000000100000000)
  region size 1024K, 3 young (3072K), 3 survivors (3072K)
 Metaspace       used 189866K, committed 191296K, reserved 1245184K
  class space    used 26408K, committed 27072K, reserved 1048576K
}
Event: 1043.842 GC heap before
{Heap before GC invocations=70 (full 0):
 garbage-first heap   total 476160K, used 393645K [0x0000000080000000, 0x0000000100000000)
  region size 1024K, 110 young (112640K), 3 survivors (3072K)
 Metaspace       used 190005K, committed 191424K, reserved 1245184K
  class space    used 26400K, committed 27072K, reserved 1048576K
}
Event: 1043.855 GC heap after
{Heap after GC invocations=71 (full 0):
 garbage-first heap   total 476160K, used 256792K [0x0000000080000000, 0x0000000100000000)
  region size 1024K, 14 young (14336K), 14 survivors (14336K)
 Metaspace       used 190005K, committed 191424K, reserved 1245184K
  class space    used 26400K, committed 27072K, reserved 1048576K
}
Event: 1043.875 GC heap before
{Heap before GC invocations=71 (full 0):
 garbage-first heap   total 476160K, used 266008K [0x0000000080000000, 0x0000000100000000)
  region size 1024K, 23 young (23552K), 14 survivors (14336K)
 Metaspace       used 190011K, committed 191424K, reserved 1245184K
  class space    used 26400K, committed 27072K, reserved 1048576K
}
Event: 1043.888 GC heap after
{Heap after GC invocations=72 (full 0):
 garbage-first heap   total 476160K, used 232291K [0x0000000080000000, 0x0000000100000000)
  region size 1024K, 3 young (3072K), 3 survivors (3072K)
 Metaspace       used 190011K, committed 191424K, reserved 1245184K
  class space    used 26400K, committed 27072K, reserved 1048576K
}
Event: 1044.075 GC heap before
{Heap before GC invocations=72 (full 0):
 garbage-first heap   total 476160K, used 253795K [0x0000000080000000, 0x0000000100000000)
  region size 1024K, 26 young (26624K), 3 survivors (3072K)
 Metaspace       used 190098K, committed 191424K, reserved 1245184K
  class space    used 26401K, committed 27072K, reserved 1048576K
}
Event: 1044.080 GC heap after
{Heap after GC invocations=73 (full 0):
 garbage-first heap   total 476160K, used 239040K [0x0000000080000000, 0x0000000100000000)
  region size 1024K, 10 young (10240K), 10 survivors (10240K)
 Metaspace       used 190098K, committed 191424K, reserved 1245184K
  class space    used 26401K, committed 27072K, reserved 1048576K
}
Event: 1044.874 GC heap before
{Heap before GC invocations=74 (full 0):
 garbage-first heap   total 476160K, used 374208K [0x0000000080000000, 0x0000000100000000)
  region size 1024K, 107 young (109568K), 10 survivors (10240K)
 Metaspace       used 190985K, committed 192320K, reserved 1245184K
  class space    used 26450K, committed 27072K, reserved 1048576K
}
Event: 1044.884 GC heap after
{Heap after GC invocations=75 (full 0):
 garbage-first heap   total 476160K, used 244429K [0x0000000080000000, 0x0000000100000000)
  region size 1024K, 12 young (12288K), 12 survivors (12288K)
 Metaspace       used 190985K, committed 192320K, reserved 1245184K
  class space    used 26450K, committed 27072K, reserved 1048576K
}
Event: 1044.966 GC heap before
{Heap before GC invocations=75 (full 0):
 garbage-first heap   total 476160K, used 254669K [0x0000000080000000, 0x0000000100000000)
  region size 1024K, 23 young (23552K), 12 survivors (12288K)
 Metaspace       used 191480K, committed 192832K, reserved 1245184K
  class space    used 26501K, committed 27136K, reserved 1048576K
}
Event: 1044.977 GC heap after
{Heap after GC invocations=76 (full 0):
 garbage-first heap   total 476160K, used 227003K [0x0000000080000000, 0x0000000100000000)
  region size 1024K, 2 young (2048K), 2 survivors (2048K)
 Metaspace       used 191480K, committed 192832K, reserved 1245184K
  class space    used 26501K, committed 27136K, reserved 1048576K
}
Event: 1046.542 GC heap before
{Heap before GC invocations=76 (full 0):
 garbage-first heap   total 476160K, used 343739K [0x0000000080000000, 0x0000000100000000)
  region size 1024K, 117 young (119808K), 2 survivors (2048K)
 Metaspace       used 193425K, committed 194816K, reserved 1245184K
  class space    used 26677K, committed 27328K, reserved 1048576K
}
Event: 1046.547 GC heap after
{Heap after GC invocations=77 (full 0):
 garbage-first heap   total 476160K, used 230538K [0x0000000080000000, 0x0000000100000000)
  region size 1024K, 6 young (6144K), 6 survivors (6144K)
 Metaspace       used 193425K, committed 194816K, reserved 1245184K
  class space    used 26677K, committed 27328K, reserved 1048576K
}
Event: 1047.636 GC heap before
{Heap before GC invocations=78 (full 0):
 garbage-first heap   total 476160K, used 353418K [0x0000000080000000, 0x0000000100000000)
  region size 1024K, 128 young (131072K), 6 survivors (6144K)
 Metaspace       used 194990K, committed 196416K, reserved 1245184K
  class space    used 26851K, committed 27520K, reserved 1048576K
}
Event: 1047.650 GC heap after
{Heap after GC invocations=79 (full 0):
 garbage-first heap   total 476160K, used 245634K [0x0000000080000000, 0x0000000100000000)
  region size 1024K, 16 young (16384K), 16 survivors (16384K)
 Metaspace       used 194990K, committed 196416K, reserved 1245184K
  class space    used 26851K, committed 27520K, reserved 1048576K
}
Event: 1047.706 GC heap before
{Heap before GC invocations=79 (full 0):
 garbage-first heap   total 476160K, used 252802K [0x0000000080000000, 0x0000000100000000)
  region size 1024K, 23 young (23552K), 16 survivors (16384K)
 Metaspace       used 195060K, committed 196480K, reserved 1245184K
  class space    used 26856K, committed 27520K, reserved 1048576K
}
Event: 1047.722 GC heap after
{Heap after GC invocations=80 (full 0):
 garbage-first heap   total 476160K, used 227802K [0x0000000080000000, 0x0000000100000000)
  region size 1024K, 3 young (3072K), 3 survivors (3072K)
 Metaspace       used 195060K, committed 196480K, reserved 1245184K
  class space    used 26856K, committed 27520K, reserved 1048576K
}
Event: 1048.179 GC heap before
{Heap before GC invocations=80 (full 0):
 garbage-first heap   total 476160K, used 253402K [0x0000000080000000, 0x0000000100000000)
  region size 1024K, 30 young (30720K), 3 survivors (3072K)
 Metaspace       used 195213K, committed 196608K, reserved 1245184K
  class space    used 26859K, committed 27520K, reserved 1048576K
}

